<?xml version="1.0" encoding="UTF-8"?>
<testng-results ignored="0" total="4" passed="3" failed="1" skipped="0">
  <reporter-output>
  </reporter-output>
  <suite started-at="2023-06-27T15:56:22 IST" name="Default suite" finished-at="2023-06-27T15:57:38 IST" duration-ms="76421">
    <groups>
    </groups>
    <test started-at="2023-06-27T15:56:22 IST" name="Default test" finished-at="2023-06-27T15:57:38 IST" duration-ms="76421">
      <class name="Exelwash_Test_Methods.ExelWash_Operations">
        <test-method signature="enter_user_SignUp_Details()[pri:0, instance:Exelwash_Test_Methods.ExelWash_Operations@37afeb11]" started-at="2023-06-27T15:56:22 IST" name="enter_user_SignUp_Details" finished-at="2023-06-27T15:56:42 IST" duration-ms="19970" status="FAIL">
          <exception class="org.openqa.selenium.ElementNotInteractableException">
            <message>
              <![CDATA[element not interactable
  (Session info: chrome=114.0.5735.134)
Build info: version: '4.8.3', revision: 'e5e76298c3'
System info: os.name: 'Windows 11', os.arch: 'amd64', os.version: '10.0', java.version: '18.0.2'
Driver info: org.openqa.selenium.chrome.ChromeDriver
Command: [07fb59d45157af4de3af23949434e77a, sendKeysToElement {id=8F31284BC666964AF7E3BEE9AA411E6C_element_9, value=[Ljava.lang.CharSequence;@6edcd0d8}]
Capabilities {acceptInsecureCerts: false, browserName: chrome, browserVersion: 114.0.5735.134, chrome: {chromedriverVersion: 114.0.5735.90 (386bc09e8f4f..., userDataDir: C:\Users\DEV\AppData\Local\...}, goog:chromeOptions: {debuggerAddress: localhost:63308}, networkConnectionEnabled: false, pageLoadStrategy: normal, platformName: WINDOWS, proxy: Proxy(), se:cdp: ws://localhost:63308/devtoo..., se:cdpVersion: 114.0.5735.134, setWindowRect: true, strictFileInteractability: false, timeouts: {implicit: 0, pageLoad: 300000, script: 30000}, unhandledPromptBehavior: dismiss and notify, webauthn:extension:credBlob: true, webauthn:extension:largeBlob: true, webauthn:extension:minPinLength: true, webauthn:extension:prf: true, webauthn:virtualAuthenticators: true}
Element: [[ChromeDriver: chrome on WINDOWS (07fb59d45157af4de3af23949434e77a)] -> xpath: //input[@placeholder='Confirm Password']]
Session ID: 07fb59d45157af4de3af23949434e77a]]>
            </message>
            <full-stacktrace>
              <![CDATA[org.openqa.selenium.ElementNotInteractableException: element not interactable
  (Session info: chrome=114.0.5735.134)
Build info: version: '4.8.3', revision: 'e5e76298c3'
System info: os.name: 'Windows 11', os.arch: 'amd64', os.version: '10.0', java.version: '18.0.2'
Driver info: org.openqa.selenium.chrome.ChromeDriver
Command: [07fb59d45157af4de3af23949434e77a, sendKeysToElement {id=8F31284BC666964AF7E3BEE9AA411E6C_element_9, value=[Ljava.lang.CharSequence;@6edcd0d8}]
Capabilities {acceptInsecureCerts: false, browserName: chrome, browserVersion: 114.0.5735.134, chrome: {chromedriverVersion: 114.0.5735.90 (386bc09e8f4f..., userDataDir: C:\Users\DEV\AppData\Local\...}, goog:chromeOptions: {debuggerAddress: localhost:63308}, networkConnectionEnabled: false, pageLoadStrategy: normal, platformName: WINDOWS, proxy: Proxy(), se:cdp: ws://localhost:63308/devtoo..., se:cdpVersion: 114.0.5735.134, setWindowRect: true, strictFileInteractability: false, timeouts: {implicit: 0, pageLoad: 300000, script: 30000}, unhandledPromptBehavior: dismiss and notify, webauthn:extension:credBlob: true, webauthn:extension:largeBlob: true, webauthn:extension:minPinLength: true, webauthn:extension:prf: true, webauthn:virtualAuthenticators: true}
Element: [[ChromeDriver: chrome on WINDOWS (07fb59d45157af4de3af23949434e77a)] -> xpath: //input[@placeholder='Confirm Password']]
Session ID: 07fb59d45157af4de3af23949434e77a
at java.base/jdk.internal.reflect.DirectConstructorHandleAccessor.newInstance(DirectConstructorHandleAccessor.java:67)
at java.base/java.lang.reflect.Constructor.newInstanceWithCaller(Constructor.java:499)
at java.base/java.lang.reflect.Constructor.newInstance(Constructor.java:483)
at org.openqa.selenium.remote.codec.w3c.W3CHttpResponseCodec.createException(W3CHttpResponseCodec.java:200)
at org.openqa.selenium.remote.codec.w3c.W3CHttpResponseCodec.decode(W3CHttpResponseCodec.java:133)
at org.openqa.selenium.remote.codec.w3c.W3CHttpResponseCodec.decode(W3CHttpResponseCodec.java:53)
at org.openqa.selenium.remote.HttpCommandExecutor.execute(HttpCommandExecutor.java:193)
at org.openqa.selenium.remote.service.DriverCommandExecutor.invokeExecute(DriverCommandExecutor.java:183)
at org.openqa.selenium.remote.service.DriverCommandExecutor.execute(DriverCommandExecutor.java:158)
at org.openqa.selenium.remote.RemoteWebDriver.execute(RemoteWebDriver.java:543)
at org.openqa.selenium.remote.RemoteWebElement.execute(RemoteWebElement.java:257)
at org.openqa.selenium.remote.RemoteWebElement.sendKeys(RemoteWebElement.java:113)
at java.base/jdk.internal.reflect.DirectMethodHandleAccessor.invoke(DirectMethodHandleAccessor.java:104)
at java.base/java.lang.reflect.Method.invoke(Method.java:577)
at org.openqa.selenium.support.pagefactory.internal.LocatingElementHandler.invoke(LocatingElementHandler.java:52)
at jdk.proxy2/jdk.proxy2.$Proxy14.sendKeys(Unknown Source)
at ExelWash_Pages.Sign_Up_Page.enterconfirmPasswrod(Sign_Up_Page.java:57)
at Exelwash_Test_Methods.ExelWash_Operations.enter_user_SignUp_Details(ExelWash_Operations.java:40)
at java.base/jdk.internal.reflect.DirectMethodHandleAccessor.invoke(DirectMethodHandleAccessor.java:104)
at java.base/java.lang.reflect.Method.invoke(Method.java:577)
at org.testng.internal.invokers.MethodInvocationHelper.invokeMethod(MethodInvocationHelper.java:139)
at org.testng.internal.invokers.TestInvoker.invokeMethod(TestInvoker.java:677)
at org.testng.internal.invokers.TestInvoker.invokeTestMethod(TestInvoker.java:221)
at org.testng.internal.invokers.MethodRunner.runInSequence(MethodRunner.java:50)
at org.testng.internal.invokers.TestInvoker$MethodInvocationAgent.invoke(TestInvoker.java:969)
at org.testng.internal.invokers.TestInvoker.invokeTestMethods(TestInvoker.java:194)
at org.testng.internal.invokers.TestMethodWorker.invokeTestMethods(TestMethodWorker.java:148)
at org.testng.internal.invokers.TestMethodWorker.run(TestMethodWorker.java:128)
at java.base/java.util.ArrayList.forEach(ArrayList.java:1511)
at org.testng.TestRunner.privateRun(TestRunner.java:829)
at org.testng.TestRunner.run(TestRunner.java:602)
at org.testng.SuiteRunner.runTest(SuiteRunner.java:437)
at org.testng.SuiteRunner.runSequentially(SuiteRunner.java:431)
at org.testng.SuiteRunner.privateRun(SuiteRunner.java:391)
at org.testng.SuiteRunner.run(SuiteRunner.java:330)
at org.testng.SuiteRunnerWorker.runSuite(SuiteRunnerWorker.java:52)
at org.testng.SuiteRunnerWorker.run(SuiteRunnerWorker.java:95)
at org.testng.TestNG.runSuitesSequentially(TestNG.java:1256)
at org.testng.TestNG.runSuitesLocally(TestNG.java:1176)
at org.testng.TestNG.runSuites(TestNG.java:1099)
at org.testng.TestNG.run(TestNG.java:1067)
at org.testng.remote.AbstractRemoteTestNG.run(AbstractRemoteTestNG.java:115)
at org.testng.remote.RemoteTestNG.initAndRun(RemoteTestNG.java:251)
at org.testng.remote.RemoteTestNG.main(RemoteTestNG.java:77)
]]>
            </full-stacktrace>
          </exception> <!-- org.openqa.selenium.ElementNotInteractableException -->
          <reporter-output>
          </reporter-output>
        </test-method> <!-- enter_user_SignUp_Details -->
        <test-method signature="enter_user_Login_Details()[pri:2, instance:Exelwash_Test_Methods.ExelWash_Operations@37afeb11]" started-at="2023-06-27T15:56:42 IST" name="enter_user_Login_Details" finished-at="2023-06-27T15:57:06 IST" duration-ms="23838" status="PASS">
          <reporter-output>
          </reporter-output>
        </test-method> <!-- enter_user_Login_Details -->
        <test-method signature="click_On_Services()[pri:3, instance:Exelwash_Test_Methods.ExelWash_Operations@37afeb11]" started-at="2023-06-27T15:57:06 IST" name="click_On_Services" finished-at="2023-06-27T15:57:25 IST" duration-ms="19027" status="PASS">
          <reporter-output>
          </reporter-output>
        </test-method> <!-- click_On_Services -->
        <test-method signature="chacking_Home_Page_Functionality()[pri:4, instance:Exelwash_Test_Methods.ExelWash_Operations@37afeb11]" started-at="2023-06-27T15:57:25 IST" name="chacking_Home_Page_Functionality" finished-at="2023-06-27T15:57:38 IST" duration-ms="13491" status="PASS">
          <reporter-output>
          </reporter-output>
        </test-method> <!-- chacking_Home_Page_Functionality -->
      </class> <!-- Exelwash_Test_Methods.ExelWash_Operations -->
    </test> <!-- Default test -->
  </suite> <!-- Default suite -->
</testng-results>
